<?xml version="1.0" encoding="UTF-8"?>
<!-- Generated by org.testng.reporters.JUnitXMLReporter -->
<testsuite ignored="0" hostname="DESKTOP-QN7R8OT" failures="0" tests="11" name="Default test" time="0.149" errors="0" timestamp="2022-04-12T12:32:28 IST">
  <testcase classname="com.testNG.features_new.Data_Provider" name="adactin_Runner" time="0.013"/>
  <testcase classname="com.testNG.features_new.Data_Provider" name="adactin_Runner" time="0.004"/>
  <testcase classname="com.testNG.features_new.Data_Provider" name="adactin_Runner" time="0.003"/>
  <testcase classname="com.testNG.features_new.Data_Provider" name="automation_Runner" time="0.004"/>
  <testcase classname="com.testNG.features_new.Data_Provider" name="automation_Runner" time="0.002"/>
  <testcase classname="com.testNG.features_new.Data_Provider" name="automation_Runner" time="0.002"/>
  <testcase classname="com.testNG.features_new.Data_Provider" name="gog1" time="0.004"/>
  <testcase classname="com.testNG.features_new.Data_Provider" name="gog2" time="0.002"/>
  <testcase classname="com.testNG.features_new.Data_Provider" name="mohan" time="0.004"/>
  <testcase classname="com.testNG.features_new.Data_Provider" name="mohan" time="0.004"/>
  <testcase classname="com.testNG.features_new.Data_Provider" name="mohan" time="0.003"/>
</testsuite> <!-- Default test -->
