<?xml version="1.0" encoding="UTF-8"?>
<!-- Generated by org.testng.reporters.JUnitXMLReporter -->
<testsuite ignored="3" hostname="DESKTOP-QN7R8OT" failures="0" tests="6" name="Test" time="0.107" errors="0" timestamp="2022-04-12T12:33:07 IST">
  <testcase classname="com.testNG.features_new.Data_Provider" name="adactin_Runner" time="0.011"/>
  <testcase classname="com.testNG.features_new.Data_Provider" name="adactin_Runner" time="0.002"/>
  <testcase classname="com.testNG.features_new.Data_Provider" name="adactin_Runner" time="0.002"/>
  <testcase classname="com.testNG.features_new.Data_Provider" name="mohan" time="0.002"/>
  <testcase classname="com.testNG.features_new.Data_Provider" name="mohan" time="0.002"/>
  <testcase classname="com.testNG.features_new.Data_Provider" name="mohan" time="0.002"/>
  <testcase classname="com.testNG.features_new.Data_Provider" name="gog2" time="0.0">
    <ignored/>
  </testcase> <!-- gog2 -->
  <testcase classname="com.testNG.features_new.Data_Provider" name="gog1" time="0.0">
    <ignored/>
  </testcase> <!-- gog1 -->
  <testcase classname="com.testNG.features_new.Data_Provider" name="automation_Runner" time="0.0">
    <ignored/>
  </testcase> <!-- automation_Runner -->
</testsuite> <!-- Test -->
